<?xml version="1.0" encoding="UTF-8"?>
<!-- Generated by org.testng.reporters.JUnitXMLReporter -->
<testsuite hostname="tp3vdiw10dev205" ignored="0" name="Test" tests="3" failures="0" timestamp="22 Aug 2019 07:50:30 GMT" time="462.41" errors="0">
  <testcase name="runFeatures" time="0.01" classname="com.sc.testrunner.TestNGTestRunner"/>
  <testcase name="runFeatures" time="0.002" classname="com.sc.testrunner.TestNGTestRunner"/>
  <testcase name="runFeatures" time="461.461" classname="com.sc.testrunner.TestNGTestRunner"/>
</testsuite> <!-- Test -->
