<?xml version="1.0" encoding="UTF-8"?>
<!-- Generated by org.testng.reporters.JUnitXMLReporter -->
<testsuite hostname="tp3vdiw10dev205" ignored="0" name="Test" tests="3" failures="0" timestamp="29 Aug 2019 13:37:00 GMT" time="2670.492" errors="0">
  <testcase name="runFeatures" time="2669.528" classname="com.sc.testrunner.TestNGTestRunner"/>
  <testcase name="runFeatures" time="0.0" classname="com.sc.testrunner.TestNGTestRunner"/>
  <testcase name="runFeatures" time="0.015" classname="com.sc.testrunner.TestNGTestRunner"/>
</testsuite> <!-- Test -->
